Using pre-set license
Built from '2021.1/release' branch; Version is '2021.1.4f1 (4cd64a618c1b) revision 5035594'; Using compiler version '192528614'; Build Type 'Release'
OS: 'Windows 10 Enterprise LTSC 2019; OS build 17763.1999; Version 1809; 64bit' Language: 'ru' Physical Memory: 16324 MB
BatchMode: 1, IsHumanControllingUs: 0, StartBugReporterOnCrash: 0, Is64bit: 1, IsPro: 0

 COMMAND LINE ARGUMENTS:
E:\Program Files (x86)\Unity\2021.1.4f1\Editor\Unity.exe
-adb2
-batchMode
-noUpm
-name
AssetImportWorker0
-projectPath
G:/GitRepos/Apple Picker/Apple Picker
-logFile
Logs/AssetImportWorker0.log
-srvPort
55799
Successfully changed project path to: G:/GitRepos/Apple Picker/Apple Picker
G:/GitRepos/Apple Picker/Apple Picker
Using Asset Import Pipeline V2.
Refreshing native plugins compatible for Editor in 68.83 ms, found 1 plugins.
Preloading 0 native plugins for Editor in 0.00 ms.
Initialize engine version: 2021.1.4f1 (4cd64a618c1b)
[Subsystems] Discovering subsystems at path E:/Program Files (x86)/Unity/2021.1.4f1/Editor/Data/Resources/UnitySubsystems
[Subsystems] Discovering subsystems at path G:/GitRepos/Apple Picker/Apple Picker/Assets
GfxDevice: creating device client; threaded=0; jobified=0
Direct3D:
    Version:  Direct3D 11.0 [level 11.1]
    Renderer: NVIDIA GeForce GTX 1070 (ID=0x1b81)
    Vendor:   NVIDIA
    VRAM:     8088 MB
    Driver:   27.21.14.6663
Initialize mono
Mono path[0] = 'E:/Program Files (x86)/Unity/2021.1.4f1/Editor/Data/Managed'
Mono path[1] = 'E:/Program Files (x86)/Unity/2021.1.4f1/Editor/Data/MonoBleedingEdge/lib/mono/unityjit'
Mono config path = 'E:/Program Files (x86)/Unity/2021.1.4f1/Editor/Data/MonoBleedingEdge/etc'
Using monoOptions --debugger-agent=transport=dt_socket,embedding=1,server=y,suspend=n,address=127.0.0.1:56688
Begin MonoManager ReloadAssembly
Registering precompiled unity dll's ...
Register platform support module: E:/Program Files (x86)/Unity/2021.1.4f1/Editor/Data/PlaybackEngines/WindowsStandaloneSupport/UnityEditor.WindowsStandalone.Extensions.dll
Registered in 0.001447 seconds.
Native extension for WindowsStandalone target not found
Refreshing native plugins compatible for Editor in 70.54 ms, found 1 plugins.
Preloading 0 native plugins for Editor in 0.00 ms.
Mono: successfully reloaded assembly
- Completed reload, in  2.623 seconds
Platform modules already initialized, skipping
Registering precompiled user dll's ...
Registered in 0.003251 seconds.
Begin MonoManager ReloadAssembly
Native extension for WindowsStandalone target not found
Refreshing native plugins compatible for Editor in 0.46 ms, found 1 plugins.
Preloading 0 native plugins for Editor in 0.00 ms.
Mono: successfully reloaded assembly
- Completed reload, in  1.069 seconds
Platform modules already initialized, skipping
========================================================================
Worker process is ready to serve import requests
Launched and connected shader compiler UnityShaderCompiler.exe after 0.56 seconds
Refreshing native plugins compatible for Editor in 0.51 ms, found 1 plugins.
Preloading 0 native plugins for Editor in 0.00 ms.
Unloading 2665 Unused Serialized files (Serialized files now loaded: 0)
System memory in use before: 98.2 MB.
System memory in use after: 98.3 MB.

Unloading 15 unused Assets to reduce memory usage. Loaded Objects now: 3117.
Total: 2.384000 ms (FindLiveObjects: 0.353000 ms CreateObjectMapping: 0.242000 ms MarkObjects: 1.717200 ms  DeleteObjects: 0.070600 ms)

========================================================================
Received Import Request.
  path: Assets/Material
  artifactKey: Guid(65194b9719df3cc47abf5b652caaa97a) Importer(815301076,1909f56bfc062723c751e8b465ee728b)
Start importing Assets/Material using Guid(65194b9719df3cc47abf5b652caaa97a) Importer(815301076,1909f56bfc062723c751e8b465ee728b)  -> (artifact id: 'c00a38cf51a532e45632f9f840e9e658') in 0.007790 seconds 
========================================================================
Received Import Request.
  Time since last request: 177.760270 seconds.
  path: Assets
  artifactKey: Guid(00000000000000001000000000000000) Importer(815301076,1909f56bfc062723c751e8b465ee728b)
Start importing Assets using Guid(00000000000000001000000000000000) Importer(815301076,1909f56bfc062723c751e8b465ee728b)  -> (artifact id: '9222b99937b918022a9cc33b6e833563') in 0.003005 seconds 
========================================================================
Received Import Request.
  Time since last request: 9.851506 seconds.
  path: Assets/Prefabs
  artifactKey: Guid(97d790373e5cc544b9e6767191abbbea) Importer(815301076,1909f56bfc062723c751e8b465ee728b)
Start importing Assets/Prefabs using Guid(97d790373e5cc544b9e6767191abbbea) Importer(815301076,1909f56bfc062723c751e8b465ee728b)  -> (artifact id: '9b4dd91de3810bc0a81ea7caff853c04') in 0.003791 seconds 
========================================================================
Received Import Request.
  Time since last request: 2.103827 seconds.
  path: Assets/Materials
  artifactKey: Guid(65194b9719df3cc47abf5b652caaa97a) Importer(815301076,1909f56bfc062723c751e8b465ee728b)
Start importing Assets/Materials using Guid(65194b9719df3cc47abf5b652caaa97a) Importer(815301076,1909f56bfc062723c751e8b465ee728b)  -> (artifact id: '7eb7eac5d2ec5e152f3e0b57ea379660') in 0.002537 seconds 
========================================================================
Received Import Request.
  Time since last request: 3.388738 seconds.
  path: Assets/Prefabs/AppleTree.prefab
  artifactKey: Guid(59be97bf681a3ae43aca6d700fa9424a) Importer(815301076,1909f56bfc062723c751e8b465ee728b)
Start importing Assets/Prefabs/AppleTree.prefab using Guid(59be97bf681a3ae43aca6d700fa9424a) Importer(815301076,1909f56bfc062723c751e8b465ee728b)  -> (artifact id: 'f4262b54577834afb27fb8028a7902e2') in 0.125897 seconds 
========================================================================
Received Import Request.
  Time since last request: 1509.607191 seconds.
  path: ProjectSettings/TagManager.asset
  artifactKey: Guid(00000000000000003000000000000000) Importer(815301076,1909f56bfc062723c751e8b465ee728b)
Start importing ProjectSettings/TagManager.asset using Guid(00000000000000003000000000000000) Importer(815301076,1909f56bfc062723c751e8b465ee728b)  -> (artifact id: '1e2f58abe6b20e4adaaad39b996e06f0') in 0.006280 seconds 
========================================================================
Received Import Request.
  Time since last request: 79.633275 seconds.
  path: Assets/Prefabs/Apple.prefab
  artifactKey: Guid(eb36385b038bd40478495c0333ee361d) Importer(815301076,1909f56bfc062723c751e8b465ee728b)
Start importing Assets/Prefabs/Apple.prefab using Guid(eb36385b038bd40478495c0333ee361d) Importer(815301076,1909f56bfc062723c751e8b465ee728b)  -> (artifact id: '6eb52c16f8c7ee928c66f0622974b6bf') in 0.013113 seconds 
========================================================================
Received Import Request.
  Time since last request: 205.820206 seconds.
  path: Assets/Prefabs/Basket.prefab
  artifactKey: Guid(9676adcc278bc98449200827ee435997) Importer(815301076,1909f56bfc062723c751e8b465ee728b)
Start importing Assets/Prefabs/Basket.prefab using Guid(9676adcc278bc98449200827ee435997) Importer(815301076,1909f56bfc062723c751e8b465ee728b)  -> (artifact id: '2e26f1e67e8e9a3cabdb22a8aff16da0') in 0.012827 seconds 
========================================================================
Received Import Request.
  Time since last request: 1490.948970 seconds.
  path: Assets/Scripts
  artifactKey: Guid(f75510ce51602c944b19825f1d0a0dda) Importer(815301076,1909f56bfc062723c751e8b465ee728b)
Start importing Assets/Scripts using Guid(f75510ce51602c944b19825f1d0a0dda) Importer(815301076,1909f56bfc062723c751e8b465ee728b)  -> (artifact id: 'c5db85f3be5d030bf5a3bb74862a4216') in 0.002643 seconds 
========================================================================
Received Import Request.
  Time since last request: 12.245070 seconds.
  path: Assets/Scripts/AppleTree.cs
  artifactKey: Guid(4214b1305e77f5b4592d8db4a9e8109b) Importer(815301076,1909f56bfc062723c751e8b465ee728b)
Start importing Assets/Scripts/AppleTree.cs using Guid(4214b1305e77f5b4592d8db4a9e8109b) Importer(815301076,1909f56bfc062723c751e8b465ee728b)  -> (artifact id: '37458da4ac15851c71e0dfe6397287ee') in 0.019235 seconds 
========================================================================
Received Prepare
Registering precompiled user dll's ...
Registered in 0.002973 seconds.
Begin MonoManager ReloadAssembly
Native extension for WindowsStandalone target not found
Refreshing native plugins compatible for Editor in 0.47 ms, found 1 plugins.
Preloading 0 native plugins for Editor in 0.00 ms.
Mono: successfully reloaded assembly
- Completed reload, in  1.095 seconds
Platform modules already initialized, skipping
Refreshing native plugins compatible for Editor in 0.67 ms, found 1 plugins.
Preloading 0 native plugins for Editor in 0.00 ms.
Unloading 2661 Unused Serialized files (Serialized files now loaded: 0)
System memory in use before: 101.9 MB.
System memory in use after: 102.1 MB.

Unloading 11 unused Assets to reduce memory usage. Loaded Objects now: 3131.
Total: 2.321600 ms (FindLiveObjects: 0.249500 ms CreateObjectMapping: 0.207400 ms MarkObjects: 1.809600 ms  DeleteObjects: 0.054100 ms)

========================================================================
Received Prepare
Registering precompiled user dll's ...
Registered in 0.003019 seconds.
Begin MonoManager ReloadAssembly
Native extension for WindowsStandalone target not found
Refreshing native plugins compatible for Editor in 0.51 ms, found 1 plugins.
Preloading 0 native plugins for Editor in 0.00 ms.
Mono: successfully reloaded assembly
- Completed reload, in  1.142 seconds
Platform modules already initialized, skipping
Refreshing native plugins compatible for Editor in 0.47 ms, found 1 plugins.
Preloading 0 native plugins for Editor in 0.00 ms.
Unloading 2661 Unused Serialized files (Serialized files now loaded: 0)
System memory in use before: 101.9 MB.
System memory in use after: 102.1 MB.

Unloading 10 unused Assets to reduce memory usage. Loaded Objects now: 3134.
Total: 2.896100 ms (FindLiveObjects: 0.206100 ms CreateObjectMapping: 0.129400 ms MarkObjects: 2.517600 ms  DeleteObjects: 0.041500 ms)

========================================================================
Received Import Request.
  Time since last request: 275.813506 seconds.
  path: Assets/Scripts/AppleTree.cs
  artifactKey: Guid(4214b1305e77f5b4592d8db4a9e8109b) Importer(815301076,1909f56bfc062723c751e8b465ee728b)
Start importing Assets/Scripts/AppleTree.cs using Guid(4214b1305e77f5b4592d8db4a9e8109b) Importer(815301076,1909f56bfc062723c751e8b465ee728b)  -> (artifact id: 'dab5fe8fca24109206ce4cb86cc432e3') in 0.006826 seconds 
========================================================================
Received Prepare
Registering precompiled user dll's ...
Registered in 0.003436 seconds.
Begin MonoManager ReloadAssembly
Native extension for WindowsStandalone target not found
Refreshing native plugins compatible for Editor in 0.45 ms, found 1 plugins.
Preloading 0 native plugins for Editor in 0.00 ms.
Mono: successfully reloaded assembly
- Completed reload, in  1.099 seconds
Platform modules already initialized, skipping
Refreshing native plugins compatible for Editor in 0.48 ms, found 1 plugins.
Preloading 0 native plugins for Editor in 0.00 ms.
Unloading 2661 Unused Serialized files (Serialized files now loaded: 0)
System memory in use before: 101.9 MB.
System memory in use after: 102.1 MB.

Unloading 10 unused Assets to reduce memory usage. Loaded Objects now: 3137.
Total: 4.996600 ms (FindLiveObjects: 0.273200 ms CreateObjectMapping: 0.451300 ms MarkObjects: 4.222700 ms  DeleteObjects: 0.048200 ms)

========================================================================
Received Prepare
Registering precompiled user dll's ...
Registered in 0.003220 seconds.
Begin MonoManager ReloadAssembly
Native extension for WindowsStandalone target not found
Refreshing native plugins compatible for Editor in 0.97 ms, found 1 plugins.
Preloading 0 native plugins for Editor in 0.00 ms.
Mono: successfully reloaded assembly
- Completed reload, in  1.169 seconds
Platform modules already initialized, skipping
Refreshing native plugins compatible for Editor in 0.59 ms, found 1 plugins.
Preloading 0 native plugins for Editor in 0.00 ms.
Unloading 2661 Unused Serialized files (Serialized files now loaded: 0)
System memory in use before: 102.0 MB.
System memory in use after: 102.2 MB.

Unloading 10 unused Assets to reduce memory usage. Loaded Objects now: 3140.
Total: 2.984600 ms (FindLiveObjects: 0.209300 ms CreateObjectMapping: 0.106500 ms MarkObjects: 2.610600 ms  DeleteObjects: 0.056900 ms)

========================================================================
Received Prepare
Registering precompiled user dll's ...
Registered in 0.003234 seconds.
Begin MonoManager ReloadAssembly
Native extension for WindowsStandalone target not found
Refreshing native plugins compatible for Editor in 0.81 ms, found 1 plugins.
Preloading 0 native plugins for Editor in 0.00 ms.
Mono: successfully reloaded assembly
- Completed reload, in  1.058 seconds
Platform modules already initialized, skipping
Refreshing native plugins compatible for Editor in 2.40 ms, found 1 plugins.
Preloading 0 native plugins for Editor in 0.00 ms.
Unloading 2661 Unused Serialized files (Serialized files now loaded: 0)
System memory in use before: 102.0 MB.
System memory in use after: 102.2 MB.

Unloading 10 unused Assets to reduce memory usage. Loaded Objects now: 3143.
Total: 2.911900 ms (FindLiveObjects: 0.232600 ms CreateObjectMapping: 0.112300 ms MarkObjects: 2.476800 ms  DeleteObjects: 0.088200 ms)

========================================================================
Received Prepare
Registering precompiled user dll's ...
Registered in 0.002935 seconds.
Begin MonoManager ReloadAssembly
Native extension for WindowsStandalone target not found
Refreshing native plugins compatible for Editor in 0.48 ms, found 1 plugins.
Preloading 0 native plugins for Editor in 0.00 ms.
Mono: successfully reloaded assembly
- Completed reload, in  0.949 seconds
Platform modules already initialized, skipping
Refreshing native plugins compatible for Editor in 0.55 ms, found 1 plugins.
Preloading 0 native plugins for Editor in 0.00 ms.
Unloading 2661 Unused Serialized files (Serialized files now loaded: 0)
System memory in use before: 102.0 MB.
System memory in use after: 102.2 MB.

Unloading 10 unused Assets to reduce memory usage. Loaded Objects now: 3146.
Total: 2.296700 ms (FindLiveObjects: 0.299200 ms CreateObjectMapping: 0.283300 ms MarkObjects: 1.660000 ms  DeleteObjects: 0.053300 ms)

========================================================================
Received Prepare
Registering precompiled user dll's ...
Registered in 0.002941 seconds.
Begin MonoManager ReloadAssembly
Native extension for WindowsStandalone target not found
Refreshing native plugins compatible for Editor in 0.70 ms, found 1 plugins.
Preloading 0 native plugins for Editor in 0.00 ms.
Mono: successfully reloaded assembly
- Completed reload, in  1.127 seconds
Platform modules already initialized, skipping
Refreshing native plugins compatible for Editor in 0.58 ms, found 1 plugins.
Preloading 0 native plugins for Editor in 0.00 ms.
Unloading 2661 Unused Serialized files (Serialized files now loaded: 0)
System memory in use before: 102.0 MB.
System memory in use after: 102.2 MB.

Unloading 10 unused Assets to reduce memory usage. Loaded Objects now: 3149.
Total: 2.825800 ms (FindLiveObjects: 0.305900 ms CreateObjectMapping: 0.121200 ms MarkObjects: 2.352900 ms  DeleteObjects: 0.044600 ms)

========================================================================
Received Prepare
Registering precompiled user dll's ...
Registered in 0.003067 seconds.
Begin MonoManager ReloadAssembly
Native extension for WindowsStandalone target not found
Refreshing native plugins compatible for Editor in 0.45 ms, found 1 plugins.
Preloading 0 native plugins for Editor in 0.00 ms.
Mono: successfully reloaded assembly
- Completed reload, in  1.020 seconds
Platform modules already initialized, skipping
Refreshing native plugins compatible for Editor in 0.46 ms, found 1 plugins.
Preloading 0 native plugins for Editor in 0.00 ms.
Unloading 2661 Unused Serialized files (Serialized files now loaded: 0)
System memory in use before: 102.0 MB.
System memory in use after: 102.2 MB.

Unloading 10 unused Assets to reduce memory usage. Loaded Objects now: 3152.
Total: 2.528900 ms (FindLiveObjects: 0.420000 ms CreateObjectMapping: 0.272700 ms MarkObjects: 1.794200 ms  DeleteObjects: 0.040700 ms)

========================================================================
Received Prepare
Registering precompiled user dll's ...
Registered in 0.003243 seconds.
Begin MonoManager ReloadAssembly
Native extension for WindowsStandalone target not found
Refreshing native plugins compatible for Editor in 0.69 ms, found 1 plugins.
Preloading 0 native plugins for Editor in 0.00 ms.
Mono: successfully reloaded assembly
- Completed reload, in  1.092 seconds
Platform modules already initialized, skipping
Refreshing native plugins compatible for Editor in 0.71 ms, found 1 plugins.
Preloading 0 native plugins for Editor in 0.00 ms.
Unloading 2661 Unused Serialized files (Serialized files now loaded: 0)
System memory in use before: 102.0 MB.
System memory in use after: 102.2 MB.

Unloading 10 unused Assets to reduce memory usage. Loaded Objects now: 3155.
Total: 2.415500 ms (FindLiveObjects: 0.267200 ms CreateObjectMapping: 0.207900 ms MarkObjects: 1.894100 ms  DeleteObjects: 0.045300 ms)

========================================================================
Received Prepare
Registering precompiled user dll's ...
Registered in 0.003353 seconds.
Begin MonoManager ReloadAssembly
Native extension for WindowsStandalone target not found
Refreshing native plugins compatible for Editor in 0.46 ms, found 1 plugins.
Preloading 0 native plugins for Editor in 0.00 ms.
Mono: successfully reloaded assembly
- Completed reload, in  1.017 seconds
Platform modules already initialized, skipping
Refreshing native plugins compatible for Editor in 0.71 ms, found 1 plugins.
Preloading 0 native plugins for Editor in 0.00 ms.
Unloading 2661 Unused Serialized files (Serialized files now loaded: 0)
System memory in use before: 102.0 MB.
System memory in use after: 102.2 MB.

Unloading 10 unused Assets to reduce memory usage. Loaded Objects now: 3158.
Total: 2.284300 ms (FindLiveObjects: 0.263800 ms CreateObjectMapping: 0.238000 ms MarkObjects: 1.726900 ms  DeleteObjects: 0.054500 ms)

========================================================================
Received Prepare
Registering precompiled user dll's ...
Registered in 0.003918 seconds.
Begin MonoManager ReloadAssembly
Native extension for WindowsStandalone target not found
Refreshing native plugins compatible for Editor in 0.53 ms, found 1 plugins.
Preloading 0 native plugins for Editor in 0.00 ms.
Mono: successfully reloaded assembly
- Completed reload, in  1.003 seconds
Platform modules already initialized, skipping
Refreshing native plugins compatible for Editor in 0.44 ms, found 1 plugins.
Preloading 0 native plugins for Editor in 0.00 ms.
Unloading 2661 Unused Serialized files (Serialized files now loaded: 0)
System memory in use before: 102.0 MB.
System memory in use after: 102.2 MB.

Unloading 10 unused Assets to reduce memory usage. Loaded Objects now: 3161.
Total: 2.225000 ms (FindLiveObjects: 0.247000 ms CreateObjectMapping: 0.196800 ms MarkObjects: 1.742600 ms  DeleteObjects: 0.037700 ms)

========================================================================
Received Import Request.
  Time since last request: 4129.267177 seconds.
  path: ProjectSettings/TagManager.asset
  artifactKey: Guid(00000000000000003000000000000000) Importer(815301076,1909f56bfc062723c751e8b465ee728b)
Start importing ProjectSettings/TagManager.asset using Guid(00000000000000003000000000000000) Importer(815301076,1909f56bfc062723c751e8b465ee728b)  -> (artifact id: 'eb764f170b254350c48b2f76a03ef67a') in 0.015233 seconds 
========================================================================
Received Import Request.
  Time since last request: 179.551833 seconds.
  path: Assets/Prefabs/Apple.prefab
  artifactKey: Guid(eb36385b038bd40478495c0333ee361d) Importer(815301076,1909f56bfc062723c751e8b465ee728b)
Start importing Assets/Prefabs/Apple.prefab using Guid(eb36385b038bd40478495c0333ee361d) Importer(815301076,1909f56bfc062723c751e8b465ee728b)  -> (artifact id: '75ede7305be603ca9f07d292e0b997cd') in 0.062373 seconds 
========================================================================
Received Import Request.
  Time since last request: 13.030086 seconds.
  path: Assets/Prefabs/AppleTree.prefab
  artifactKey: Guid(59be97bf681a3ae43aca6d700fa9424a) Importer(815301076,1909f56bfc062723c751e8b465ee728b)
Start importing Assets/Prefabs/AppleTree.prefab using Guid(59be97bf681a3ae43aca6d700fa9424a) Importer(815301076,1909f56bfc062723c751e8b465ee728b)  -> (artifact id: '1c08d38507c531b181a2a7a49d847413') in 0.014459 seconds 
========================================================================
Received Import Request.
  Time since last request: 6.568008 seconds.
  path: Assets/Prefabs/Basket.prefab
  artifactKey: Guid(9676adcc278bc98449200827ee435997) Importer(815301076,1909f56bfc062723c751e8b465ee728b)
Start importing Assets/Prefabs/Basket.prefab using Guid(9676adcc278bc98449200827ee435997) Importer(815301076,1909f56bfc062723c751e8b465ee728b)  -> (artifact id: 'd1d7a8f33b2cba97379e48e579c5ebf6') in 0.009491 seconds 
========================================================================
Received Import Request.
  Time since last request: 67.471285 seconds.
  path: Assets/Scripts/Apple.cs
  artifactKey: Guid(5b888d1f8c0596543bbb8d9d3a5a4c70) Importer(815301076,1909f56bfc062723c751e8b465ee728b)
Start importing Assets/Scripts/Apple.cs using Guid(5b888d1f8c0596543bbb8d9d3a5a4c70) Importer(815301076,1909f56bfc062723c751e8b465ee728b)  -> (artifact id: 'be2b63bb0dd70b7edebcc89bc7ae847d') in 0.002466 seconds 
========================================================================
Received Prepare
Registering precompiled user dll's ...
Registered in 0.003006 seconds.
Begin MonoManager ReloadAssembly
Native extension for WindowsStandalone target not found
Refreshing native plugins compatible for Editor in 0.47 ms, found 1 plugins.
Preloading 0 native plugins for Editor in 0.00 ms.
Mono: successfully reloaded assembly
- Completed reload, in  1.130 seconds
Platform modules already initialized, skipping
Refreshing native plugins compatible for Editor in 1.46 ms, found 1 plugins.
Preloading 0 native plugins for Editor in 0.00 ms.
Unloading 2662 Unused Serialized files (Serialized files now loaded: 0)
System memory in use before: 102.0 MB.
System memory in use after: 102.2 MB.

Unloading 11 unused Assets to reduce memory usage. Loaded Objects now: 3166.
Total: 2.850000 ms (FindLiveObjects: 0.370300 ms CreateObjectMapping: 0.272400 ms MarkObjects: 2.153200 ms  DeleteObjects: 0.052700 ms)

========================================================================
Received Import Request.
  Time since last request: 14.492604 seconds.
  path: Assets/Scripts/AppleTree.cs
  artifactKey: Guid(4214b1305e77f5b4592d8db4a9e8109b) Importer(815301076,1909f56bfc062723c751e8b465ee728b)
Start importing Assets/Scripts/AppleTree.cs using Guid(4214b1305e77f5b4592d8db4a9e8109b) Importer(815301076,1909f56bfc062723c751e8b465ee728b)  -> (artifact id: '01d06925018c6249393ba88b2cc3050d') in 0.005829 seconds 
========================================================================
Received Prepare
Registering precompiled user dll's ...
Registered in 0.003144 seconds.
Begin MonoManager ReloadAssembly
Native extension for WindowsStandalone target not found
Refreshing native plugins compatible for Editor in 0.71 ms, found 1 plugins.
Preloading 0 native plugins for Editor in 0.00 ms.
Mono: successfully reloaded assembly
- Completed reload, in  1.065 seconds
Platform modules already initialized, skipping
Refreshing native plugins compatible for Editor in 0.68 ms, found 1 plugins.
Preloading 0 native plugins for Editor in 0.00 ms.
Unloading 2662 Unused Serialized files (Serialized files now loaded: 0)
System memory in use before: 102.0 MB.
System memory in use after: 102.2 MB.

Unloading 10 unused Assets to reduce memory usage. Loaded Objects now: 3169.
Total: 3.444800 ms (FindLiveObjects: 0.206000 ms CreateObjectMapping: 0.109200 ms MarkObjects: 3.052800 ms  DeleteObjects: 0.074900 ms)

========================================================================
Received Import Request.
  Time since last request: 172.928489 seconds.
  path: Assets/Scripts/Apple.cs
  artifactKey: Guid(5b888d1f8c0596543bbb8d9d3a5a4c70) Importer(815301076,1909f56bfc062723c751e8b465ee728b)
Start importing Assets/Scripts/Apple.cs using Guid(5b888d1f8c0596543bbb8d9d3a5a4c70) Importer(815301076,1909f56bfc062723c751e8b465ee728b)  -> (artifact id: '930276324394692fc9e4208c564af496') in 0.011557 seconds 
========================================================================
Received Import Request.
  Time since last request: 12.966044 seconds.
  path: Assets/Prefabs/Apple.prefab
  artifactKey: Guid(eb36385b038bd40478495c0333ee361d) Importer(815301076,1909f56bfc062723c751e8b465ee728b)
Start importing Assets/Prefabs/Apple.prefab using Guid(eb36385b038bd40478495c0333ee361d) Importer(815301076,1909f56bfc062723c751e8b465ee728b)  -> (artifact id: '7a1568fefc8c256a1679147dd07bda65') in 0.064108 seconds 
========================================================================
Received Prepare
Registering precompiled user dll's ...
Registered in 0.003528 seconds.
Begin MonoManager ReloadAssembly
Native extension for WindowsStandalone target not found
Refreshing native plugins compatible for Editor in 0.45 ms, found 1 plugins.
Preloading 0 native plugins for Editor in 0.00 ms.
Mono: successfully reloaded assembly
- Completed reload, in  1.031 seconds
Platform modules already initialized, skipping
Refreshing native plugins compatible for Editor in 0.46 ms, found 1 plugins.
Preloading 0 native plugins for Editor in 0.00 ms.
Unloading 2662 Unused Serialized files (Serialized files now loaded: 0)
System memory in use before: 102.1 MB.
System memory in use after: 102.3 MB.

Unloading 10 unused Assets to reduce memory usage. Loaded Objects now: 3173.
Total: 2.115600 ms (FindLiveObjects: 0.252900 ms CreateObjectMapping: 0.203000 ms MarkObjects: 1.618800 ms  DeleteObjects: 0.039900 ms)

========================================================================
Received Prepare
Registering precompiled user dll's ...
Registered in 0.002963 seconds.
Begin MonoManager ReloadAssembly
Native extension for WindowsStandalone target not found
Refreshing native plugins compatible for Editor in 0.45 ms, found 1 plugins.
Preloading 0 native plugins for Editor in 0.00 ms.
Mono: successfully reloaded assembly
- Completed reload, in  1.010 seconds
Platform modules already initialized, skipping
Refreshing native plugins compatible for Editor in 0.47 ms, found 1 plugins.
Preloading 0 native plugins for Editor in 0.00 ms.
Unloading 2663 Unused Serialized files (Serialized files now loaded: 0)
System memory in use before: 102.1 MB.
System memory in use after: 102.3 MB.

Unloading 10 unused Assets to reduce memory usage. Loaded Objects now: 3177.
Total: 2.138500 ms (FindLiveObjects: 0.247300 ms CreateObjectMapping: 0.203700 ms MarkObjects: 1.647400 ms  DeleteObjects: 0.039300 ms)

========================================================================
Received Prepare
Registering precompiled user dll's ...
Registered in 0.004516 seconds.
Begin MonoManager ReloadAssembly
Native extension for WindowsStandalone target not found
Refreshing native plugins compatible for Editor in 0.45 ms, found 1 plugins.
Preloading 0 native plugins for Editor in 0.00 ms.
Mono: successfully reloaded assembly
- Completed reload, in  1.067 seconds
Platform modules already initialized, skipping
Refreshing native plugins compatible for Editor in 0.67 ms, found 1 plugins.
Preloading 0 native plugins for Editor in 0.00 ms.
Unloading 2663 Unused Serialized files (Serialized files now loaded: 0)
System memory in use before: 102.1 MB.
System memory in use after: 102.3 MB.

Unloading 10 unused Assets to reduce memory usage. Loaded Objects now: 3180.
Total: 1.868800 ms (FindLiveObjects: 0.186900 ms CreateObjectMapping: 0.101100 ms MarkObjects: 1.539600 ms  DeleteObjects: 0.040600 ms)

========================================================================
Received Prepare
Registering precompiled user dll's ...
Registered in 0.004283 seconds.
Begin MonoManager ReloadAssembly
Native extension for WindowsStandalone target not found
Refreshing native plugins compatible for Editor in 0.44 ms, found 1 plugins.
Preloading 0 native plugins for Editor in 0.00 ms.
Mono: successfully reloaded assembly
- Completed reload, in  1.015 seconds
Platform modules already initialized, skipping
Refreshing native plugins compatible for Editor in 0.45 ms, found 1 plugins.
Preloading 0 native plugins for Editor in 0.00 ms.
Unloading 2663 Unused Serialized files (Serialized files now loaded: 0)
System memory in use before: 102.1 MB.
System memory in use after: 102.3 MB.

Unloading 10 unused Assets to reduce memory usage. Loaded Objects now: 3183.
Total: 2.351100 ms (FindLiveObjects: 0.249600 ms CreateObjectMapping: 0.222000 ms MarkObjects: 1.836500 ms  DeleteObjects: 0.041900 ms)

========================================================================
Received Prepare
Registering precompiled user dll's ...
Registered in 0.004450 seconds.
Begin MonoManager ReloadAssembly
Native extension for WindowsStandalone target not found
Refreshing native plugins compatible for Editor in 1.02 ms, found 1 plugins.
Preloading 0 native plugins for Editor in 0.00 ms.
Mono: successfully reloaded assembly
- Completed reload, in  1.040 seconds
Platform modules already initialized, skipping
Refreshing native plugins compatible for Editor in 0.46 ms, found 1 plugins.
Preloading 0 native plugins for Editor in 0.00 ms.
Unloading 2664 Unused Serialized files (Serialized files now loaded: 0)
System memory in use before: 102.1 MB.
System memory in use after: 102.3 MB.

Unloading 10 unused Assets to reduce memory usage. Loaded Objects now: 3187.
Total: 1.812700 ms (FindLiveObjects: 0.190000 ms CreateObjectMapping: 0.102800 ms MarkObjects: 1.479000 ms  DeleteObjects: 0.040100 ms)

========================================================================
Received Import Request.
  Time since last request: 809.572753 seconds.
  path: Assets/Prefabs/Basket.prefab
  artifactKey: Guid(9676adcc278bc98449200827ee435997) Importer(815301076,1909f56bfc062723c751e8b465ee728b)
Start importing Assets/Prefabs/Basket.prefab using Guid(9676adcc278bc98449200827ee435997) Importer(815301076,1909f56bfc062723c751e8b465ee728b)  -> (artifact id: '34bf9d5cb5a7ec1fbe4124777ad845ba') in 0.074150 seconds 
========================================================================
Received Prepare
Registering precompiled user dll's ...
Registered in 0.003431 seconds.
Begin MonoManager ReloadAssembly
Native extension for WindowsStandalone target not found
Refreshing native plugins compatible for Editor in 0.50 ms, found 1 plugins.
Preloading 0 native plugins for Editor in 0.00 ms.
Mono: successfully reloaded assembly
- Completed reload, in  1.148 seconds
Platform modules already initialized, skipping
Refreshing native plugins compatible for Editor in 0.56 ms, found 1 plugins.
Preloading 0 native plugins for Editor in 0.00 ms.
Unloading 2664 Unused Serialized files (Serialized files now loaded: 0)
System memory in use before: 102.1 MB.
System memory in use after: 102.3 MB.

Unloading 10 unused Assets to reduce memory usage. Loaded Objects now: 3191.
Total: 2.273900 ms (FindLiveObjects: 0.333200 ms CreateObjectMapping: 0.111800 ms MarkObjects: 1.785300 ms  DeleteObjects: 0.042800 ms)

========================================================================
Received Prepare
Registering precompiled user dll's ...
Registered in 0.003285 seconds.
Begin MonoManager ReloadAssembly
Native extension for WindowsStandalone target not found
Refreshing native plugins compatible for Editor in 0.47 ms, found 1 plugins.
Preloading 0 native plugins for Editor in 0.00 ms.
Mono: successfully reloaded assembly
- Completed reload, in  1.138 seconds
Platform modules already initialized, skipping
Refreshing native plugins compatible for Editor in 0.73 ms, found 1 plugins.
Preloading 0 native plugins for Editor in 0.00 ms.
Unloading 2664 Unused Serialized files (Serialized files now loaded: 0)
System memory in use before: 102.2 MB.
System memory in use after: 102.3 MB.

Unloading 10 unused Assets to reduce memory usage. Loaded Objects now: 3194.
Total: 2.420000 ms (FindLiveObjects: 0.322900 ms CreateObjectMapping: 0.110300 ms MarkObjects: 1.943800 ms  DeleteObjects: 0.041900 ms)

========================================================================
Received Import Request.
  Time since last request: 556.571787 seconds.
  path: Assets/Prefabs/Basket.prefab
  artifactKey: Guid(9676adcc278bc98449200827ee435997) Importer(815301076,1909f56bfc062723c751e8b465ee728b)
Start importing Assets/Prefabs/Basket.prefab using Guid(9676adcc278bc98449200827ee435997) Importer(815301076,1909f56bfc062723c751e8b465ee728b)  -> (artifact id: '99b50cda9d8cae998383a1cc80635018') in 0.066628 seconds 
========================================================================
Received Prepare
Registering precompiled user dll's ...
Registered in 0.003278 seconds.
Begin MonoManager ReloadAssembly
Native extension for WindowsStandalone target not found
Refreshing native plugins compatible for Editor in 0.44 ms, found 1 plugins.
Preloading 0 native plugins for Editor in 0.00 ms.
Mono: successfully reloaded assembly
- Completed reload, in  0.983 seconds
Platform modules already initialized, skipping
Refreshing native plugins compatible for Editor in 0.44 ms, found 1 plugins.
Preloading 0 native plugins for Editor in 0.00 ms.
Unloading 2664 Unused Serialized files (Serialized files now loaded: 0)
System memory in use before: 102.2 MB.
System memory in use after: 102.4 MB.

Unloading 10 unused Assets to reduce memory usage. Loaded Objects now: 3198.
Total: 2.064800 ms (FindLiveObjects: 0.238600 ms CreateObjectMapping: 0.189100 ms MarkObjects: 1.596300 ms  DeleteObjects: 0.040100 ms)

========================================================================
Received Import Request.
  Time since last request: 180.915008 seconds.
  path: Assets/Scenes/SampleScene.scenetemplate
  artifactKey: Guid(c0834fe7cae672145a0101ac0c3582c4) Importer(815301076,1909f56bfc062723c751e8b465ee728b)
Start importing Assets/Scenes/SampleScene.scenetemplate using Guid(c0834fe7cae672145a0101ac0c3582c4) Importer(815301076,1909f56bfc062723c751e8b465ee728b)  -> (artifact id: 'f42e9d395915ad04dc31b433f102ea5d') in 0.064324 seconds 
========================================================================
Received Import Request.
  Time since last request: 18.069360 seconds.
  path: Assets/Scenes/SampleScene.unity
  artifactKey: Guid(9fc0d4010bbf28b4594072e72b8655ab) Importer(815301076,1909f56bfc062723c751e8b465ee728b)
Start importing Assets/Scenes/SampleScene.unity using Guid(9fc0d4010bbf28b4594072e72b8655ab) Importer(815301076,1909f56bfc062723c751e8b465ee728b)  -> (artifact id: '67c78219c5146e58896b308bafd54de3') in 0.003413 seconds 
========================================================================
Received Import Request.
  Time since last request: 20.984610 seconds.
  path: Assets/Scenes/_Scene_0.unity
  artifactKey: Guid(9fc0d4010bbf28b4594072e72b8655ab) Importer(815301076,1909f56bfc062723c751e8b465ee728b)
Start importing Assets/Scenes/_Scene_0.unity using Guid(9fc0d4010bbf28b4594072e72b8655ab) Importer(815301076,1909f56bfc062723c751e8b465ee728b)  -> (artifact id: '07661ceab37136dac38200738f305834') in 0.003546 seconds 
========================================================================
Received Import Request.
  Time since last request: 29.895390 seconds.
  path: Assets/Scenes/_Scene_0 1.unity
  artifactKey: Guid(f8062cd60fc300a4d9e1666f02a0686e) Importer(815301076,1909f56bfc062723c751e8b465ee728b)
Start importing Assets/Scenes/_Scene_0 1.unity using Guid(f8062cd60fc300a4d9e1666f02a0686e) Importer(815301076,1909f56bfc062723c751e8b465ee728b)  -> (artifact id: 'a4b228234ebb9b1d8441fe131d2e553a') in 0.003160 seconds 
========================================================================
Received Import Request.
  Time since last request: 5.028734 seconds.
  path: Assets/Scenes/_Scene_1.unity
  artifactKey: Guid(f8062cd60fc300a4d9e1666f02a0686e) Importer(815301076,1909f56bfc062723c751e8b465ee728b)
Start importing Assets/Scenes/_Scene_1.unity using Guid(f8062cd60fc300a4d9e1666f02a0686e) Importer(815301076,1909f56bfc062723c751e8b465ee728b)  -> (artifact id: '96969277d1f065a9f758592320a44303') in 0.005831 seconds 
========================================================================
Received Prepare
Registering precompiled user dll's ...
Registered in 0.006624 seconds.
Begin MonoManager ReloadAssembly
Native extension for WindowsStandalone target not found
Refreshing native plugins compatible for Editor in 0.45 ms, found 1 plugins.
Preloading 0 native plugins for Editor in 0.00 ms.
Mono: successfully reloaded assembly
- Completed reload, in  1.099 seconds
Platform modules already initialized, skipping
Refreshing native plugins compatible for Editor in 0.51 ms, found 1 plugins.
Preloading 0 native plugins for Editor in 0.00 ms.
Unloading 2664 Unused Serialized files (Serialized files now loaded: 0)
System memory in use before: 102.2 MB.
System memory in use after: 102.4 MB.

Unloading 10 unused Assets to reduce memory usage. Loaded Objects now: 3202.
Total: 2.322400 ms (FindLiveObjects: 0.317300 ms CreateObjectMapping: 0.234100 ms MarkObjects: 1.726100 ms  DeleteObjects: 0.043900 ms)

========================================================================
Received Prepare
Registering precompiled user dll's ...
Registered in 0.005428 seconds.
Begin MonoManager ReloadAssembly
Native extension for WindowsStandalone target not found
Refreshing native plugins compatible for Editor in 0.59 ms, found 1 plugins.
Preloading 0 native plugins for Editor in 0.00 ms.
Mono: successfully reloaded assembly
- Completed reload, in  1.082 seconds
Platform modules already initialized, skipping
Refreshing native plugins compatible for Editor in 0.57 ms, found 1 plugins.
Preloading 0 native plugins for Editor in 0.00 ms.
Unloading 2664 Unused Serialized files (Serialized files now loaded: 0)
System memory in use before: 102.2 MB.
System memory in use after: 102.4 MB.

Unloading 10 unused Assets to reduce memory usage. Loaded Objects now: 3205.
Total: 3.650100 ms (FindLiveObjects: 0.259600 ms CreateObjectMapping: 0.264400 ms MarkObjects: 3.068700 ms  DeleteObjects: 0.056200 ms)

========================================================================
Received Import Request.
  Time since last request: 2627.042367 seconds.
  path: Assets/Scripts/HighScore.cs
  artifactKey: Guid(b0912280a9badbf4194732b225a0c2bd) Importer(815301076,1909f56bfc062723c751e8b465ee728b)
Start importing Assets/Scripts/HighScore.cs using Guid(b0912280a9badbf4194732b225a0c2bd) Importer(815301076,1909f56bfc062723c751e8b465ee728b)  -> (artifact id: '60c705e46a591c075dc6e9112edcf632') in 0.009282 seconds 
========================================================================
Received Import Request.
  Time since last request: 6.517118 seconds.
  path: Assets/Scripts/Basket.cs
  artifactKey: Guid(ec2efae3146b8d646b13ad30bb9a97b9) Importer(815301076,1909f56bfc062723c751e8b465ee728b)
Start importing Assets/Scripts/Basket.cs using Guid(ec2efae3146b8d646b13ad30bb9a97b9) Importer(815301076,1909f56bfc062723c751e8b465ee728b)  -> (artifact id: '8124d0343950d6aafe624a5e84411870') in 0.005198 seconds 
========================================================================
Received Prepare
Registering precompiled user dll's ...
Registered in 0.003043 seconds.
Begin MonoManager ReloadAssembly
Native extension for WindowsStandalone target not found
Refreshing native plugins compatible for Editor in 0.59 ms, found 1 plugins.
Preloading 0 native plugins for Editor in 0.00 ms.
Mono: successfully reloaded assembly
- Completed reload, in  1.014 seconds
Platform modules already initialized, skipping
Refreshing native plugins compatible for Editor in 0.69 ms, found 1 plugins.
Preloading 0 native plugins for Editor in 0.00 ms.
Unloading 2665 Unused Serialized files (Serialized files now loaded: 0)
System memory in use before: 102.2 MB.
System memory in use after: 102.4 MB.

Unloading 10 unused Assets to reduce memory usage. Loaded Objects now: 3209.
Total: 2.013300 ms (FindLiveObjects: 0.198900 ms CreateObjectMapping: 0.101400 ms MarkObjects: 1.675100 ms  DeleteObjects: 0.037000 ms)

========================================================================
Received Prepare
Registering precompiled user dll's ...
Registered in 0.005981 seconds.
Begin MonoManager ReloadAssembly
Native extension for WindowsStandalone target not found
Refreshing native plugins compatible for Editor in 0.48 ms, found 1 plugins.
Preloading 0 native plugins for Editor in 0.00 ms.
Mono: successfully reloaded assembly
- Completed reload, in  1.080 seconds
Platform modules already initialized, skipping
Refreshing native plugins compatible for Editor in 0.51 ms, found 1 plugins.
Preloading 0 native plugins for Editor in 0.00 ms.
Unloading 2665 Unused Serialized files (Serialized files now loaded: 0)
System memory in use before: 102.2 MB.
System memory in use after: 102.4 MB.

Unloading 10 unused Assets to reduce memory usage. Loaded Objects now: 3212.
Total: 2.877100 ms (FindLiveObjects: 0.305500 ms CreateObjectMapping: 0.176700 ms MarkObjects: 2.333100 ms  DeleteObjects: 0.060300 ms)

========================================================================
Received Import Request.
  Time since last request: 378.195629 seconds.
  path: Assets/Scripts/HighScore.cs
  artifactKey: Guid(b0912280a9badbf4194732b225a0c2bd) Importer(815301076,1909f56bfc062723c751e8b465ee728b)
Start importing Assets/Scripts/HighScore.cs using Guid(b0912280a9badbf4194732b225a0c2bd) Importer(815301076,1909f56bfc062723c751e8b465ee728b)  -> (artifact id: '9cabce7d9e8ef10c297dde4671b0fa36') in 0.006453 seconds 
========================================================================
Received Prepare
Registering precompiled user dll's ...
Registered in 0.003810 seconds.
Begin MonoManager ReloadAssembly
Native extension for WindowsStandalone target not found
Refreshing native plugins compatible for Editor in 0.69 ms, found 1 plugins.
Preloading 0 native plugins for Editor in 0.00 ms.
Mono: successfully reloaded assembly
- Completed reload, in  1.505 seconds
Platform modules already initialized, skipping
Refreshing native plugins compatible for Editor in 0.75 ms, found 1 plugins.
Preloading 0 native plugins for Editor in 0.00 ms.
Unloading 2665 Unused Serialized files (Serialized files now loaded: 0)
System memory in use before: 102.2 MB.
System memory in use after: 102.4 MB.

Unloading 10 unused Assets to reduce memory usage. Loaded Objects now: 3215.
Total: 3.910300 ms (FindLiveObjects: 0.260100 ms CreateObjectMapping: 0.105800 ms MarkObjects: 3.487600 ms  DeleteObjects: 0.055400 ms)

========================================================================
Received Import Request.
  Time since last request: 648.204751 seconds.
  path: Assets/Scripts/HighScore.cs
  artifactKey: Guid(b0912280a9badbf4194732b225a0c2bd) Importer(815301076,1909f56bfc062723c751e8b465ee728b)
Start importing Assets/Scripts/HighScore.cs using Guid(b0912280a9badbf4194732b225a0c2bd) Importer(815301076,1909f56bfc062723c751e8b465ee728b)  -> (artifact id: '98834b5a105b5259d6c91bf1d1565ea7') in 0.008885 seconds 
========================================================================
Received Prepare
Registering precompiled user dll's ...
Registered in 0.003369 seconds.
Begin MonoManager ReloadAssembly
Native extension for WindowsStandalone target not found
Refreshing native plugins compatible for Editor in 0.54 ms, found 1 plugins.
Preloading 0 native plugins for Editor in 0.00 ms.
Mono: successfully reloaded assembly
- Completed reload, in  1.053 seconds
Platform modules already initialized, skipping
Refreshing native plugins compatible for Editor in 0.56 ms, found 1 plugins.
Preloading 0 native plugins for Editor in 0.00 ms.
Unloading 2665 Unused Serialized files (Serialized files now loaded: 0)
System memory in use before: 102.2 MB.
System memory in use after: 102.4 MB.

Unloading 10 unused Assets to reduce memory usage. Loaded Objects now: 3218.
Total: 2.249800 ms (FindLiveObjects: 0.268800 ms CreateObjectMapping: 0.226600 ms MarkObjects: 1.708500 ms  DeleteObjects: 0.044900 ms)

========================================================================
Received Prepare
Registering precompiled user dll's ...
Registered in 0.003558 seconds.
Begin MonoManager ReloadAssembly
Native extension for WindowsStandalone target not found
Refreshing native plugins compatible for Editor in 0.45 ms, found 1 plugins.
Preloading 0 native plugins for Editor in 0.00 ms.
Mono: successfully reloaded assembly
- Completed reload, in  0.993 seconds
Platform modules already initialized, skipping
Refreshing native plugins compatible for Editor in 0.49 ms, found 1 plugins.
Preloading 0 native plugins for Editor in 0.00 ms.
Unloading 2665 Unused Serialized files (Serialized files now loaded: 0)
System memory in use before: 102.2 MB.
System memory in use after: 102.4 MB.

Unloading 10 unused Assets to reduce memory usage. Loaded Objects now: 3221.
Total: 3.353400 ms (FindLiveObjects: 0.228200 ms CreateObjectMapping: 0.106400 ms MarkObjects: 2.955000 ms  DeleteObjects: 0.062600 ms)

========================================================================
Received Prepare
Registering precompiled user dll's ...
Registered in 0.003129 seconds.
Begin MonoManager ReloadAssembly
Native extension for WindowsStandalone target not found
Refreshing native plugins compatible for Editor in 0.44 ms, found 1 plugins.
Preloading 0 native plugins for Editor in 0.00 ms.
Mono: successfully reloaded assembly
- Completed reload, in  0.994 seconds
Platform modules already initialized, skipping
Refreshing native plugins compatible for Editor in 0.44 ms, found 1 plugins.
Preloading 0 native plugins for Editor in 0.00 ms.
Unloading 2665 Unused Serialized files (Serialized files now loaded: 0)
System memory in use before: 102.2 MB.
System memory in use after: 102.4 MB.

Unloading 10 unused Assets to reduce memory usage. Loaded Objects now: 3224.
Total: 2.205500 ms (FindLiveObjects: 0.294900 ms CreateObjectMapping: 0.198500 ms MarkObjects: 1.670700 ms  DeleteObjects: 0.040500 ms)

AssetImportWorkerClient::OnTransportError - code=2 error=End of file
